This is pdfTeX, Version 3.14159265-2.6-1.40.16 (TeX Live 2015) (preloaded format=pdfetex 2015.6.19)  19 JUN 2015 07:01
entering extended mode
 restricted \write18 enabled.
 file:line:error style messages enabled.
 %&-line parsing enabled.
**/Users/tron/Work/hunmorph/hunlex/doc/texinfo/hunlex.texinfo
(/Users/tron/Work/hunmorph/hunlex/doc/texinfo/hunlex.texinfo
(/usr/local/texlive/2015/texmf-dist/tex/texinfo/texinfo.tex
Loading texinfo [version 2015-05-06.11]:
\bindingoffset=\dimen16
\normaloffset=\dimen17
\pagewidth=\dimen18
\pageheight=\dimen19
\outerhsize=\dimen20
\outervsize=\dimen21
\cornerlong=\dimen22
\cornerthick=\dimen23
\topandbottommargin=\dimen24
\headlinebox=\box16
\footlinebox=\box17
\margin=\insert252
\EMsimple=\toks13
\groupbox=\box18
\groupinvalidhelp=\toks14
\mil=\dimen25
\exdentamount=\skip18
\inmarginspacing=\skip19
\centerpenalty=\count27
 pdf,
\tempnum=\count28
\lnkcount=\count29
\filename=\toks15
\filenamelength=\count30
\pgn=\count31
\toksA=\toks16
\toksB=\toks17
\toksC=\toks18
\toksD=\toks19
\boxA=\box19
\countA=\count32
\nopdfimagehelp=\toks20
 fonts,
\sffam=\fam8
\textleading=\dimen26
 markup,
\fontdepth=\count33
 glyphs,
\errorbox=\box20

page headings,
\titlepagetopglue=\skip20
\titlepagebottomglue=\skip21
\evenheadline=\toks21
\oddheadline=\toks22
\evenfootline=\toks23
\oddfootline=\toks24
 tables,
\tableindent=\dimen27
\itemindent=\dimen28
\itemmargin=\dimen29
\itemmax=\dimen30
\itemno=\count34
\multitableparskip=\skip22
\multitableparindent=\skip23
\multitablecolspace=\dimen31
\multitablelinespace=\skip24
\colcount=\count35
\everytab=\toks25
 conditionals,
\doignorecount=\count36
 indexing,
\whatsitskip=\skip25
\whatsitpenalty=\count37
\secondaryindent=\skip26
\partialpage=\box21
\doublecolumnhsize=\dimen32
 sectioning,
\unnumberedno=\count38
\chapno=\count39
\secno=\count40
\subsecno=\count41
\subsubsecno=\count42
\appendixno=\count43
\absseclevel=\count44
\secbase=\count45
\chapheadingskip=\skip27
\secheadingskip=\skip28
\subsecheadingskip=\skip29
 toc,
\tocfile=\write0
\contentsrightmargin=\skip30
\savepageno=\count46
\lastnegativepageno=\count47
\tocindent=\dimen33
 environments,
\lispnarrowing=\skip31
\envskipamount=\skip32
\circthick=\dimen34
\cartouter=\dimen35
\cartinner=\dimen36
\normbskip=\skip33
\normpskip=\skip34
\normlskip=\skip35
\lskip=\skip36
\rskip=\skip37
\nonfillparindent=\dimen37
\tabw=\dimen38
\verbbox=\box22

defuns,
\defbodyindent=\skip38
\defargsindent=\skip39
\deflastargmargin=\skip40
\defunpenalty=\count48
\parencount=\count49
\brackcount=\count50
 macros,
\paramno=\count51
\macname=\toks26
 cross references,
\auxfile=\write1
\savesfregister=\count52
\toprefbox=\box23
\printedrefnamebox=\box24
\infofilenamebox=\box25
\printedmanualbox=\box26
 insertions,
\footnoteno=\count53
\SAVEfootins=\box27
\SAVEmargin=\box28

(/usr/local/texlive/2015/texmf-dist/tex/generic/epsf/epsf.tex
This is `epsf.tex' v2.7.4 <14 February 2011>
\epsffilein=\read1
\epsfframemargin=\dimen39
\epsfframethickness=\dimen40
\epsfrsize=\dimen41
\epsftmp=\dimen42
\epsftsize=\dimen43
\epsfxsize=\dimen44
\epsfysize=\dimen45
\pspoints=\dimen46
)
\noepsfhelp=\toks27
 localization,
\nolanghelp=\toks28
\countUTFx=\count54
\countUTFy=\count55
\countUTFz=\count56
 formatting,
\defaultparindent=\dimen47
 and turning on texinfo input format.)
\openout1 = `hunlex.aux'.

@cpindfile=@write2
@fnindfile=@write3
@vrindfile=@write4
@tpindfile=@write5
@kyindfile=@write6
@pgindfile=@write7

(/usr/local/texlive/2015/texmf-dist/tex/texinfo/txi-en.tex) [1
\openout2 = `hunlex.cp'.

\openout3 = `hunlex.fn'.

\openout4 = `hunlex.vr'.

\openout5 = `hunlex.tp'.

\openout6 = `hunlex.ky'.

\openout7 = `hunlex.pg'.

{/usr/local/texlive/2015/texmf-var/fonts/map/pdftex/updmap/pdftex.map}] [2] [-1
]
@kwindfile=@write8
@fiindfile=@write9
@opindfile=@write10
@quindfile=@write11
texinfo.tex: doing @include of introduction.texi


(/Users/tron/Work/hunmorph/hunlex/doc/texinfo/introduction.texi Chapter 1
\openout0 = `hunlex.toc'.


Cross reference values unknown; you must run TeX again. [1
\openout8 = `hunlex.kw'.

\openout9 = `hunlex.fi'.

\openout10 = `hunlex.op'.

\openout11 = `hunlex.qu'.

] [2])
texinfo.tex: doing @include of license.texi


(/Users/tron/Work/hunmorph/hunlex/doc/texinfo/license.texi Chapter 2 [3])
texinfo.tex: doing @include of about.texi


(/Users/tron/Work/hunmorph/hunlex/doc/texinfo/about.texi Chapter 3 [4] [5])
texinfo.tex: doing @include of installation.texi


(/Users/tron/Work/hunmorph/hunlex/doc/texinfo/installation.texi Chapter 4
[6] [7] [8])
texinfo.tex: doing @include of bootstrapping.texi

 (/Users/tron/Work/hunmorph/hunlex/doc/texinfo/bootstrapping.texi
Chapter 5 [9] [10])
texinfo.tex: doing @include of toplevel.texi

 (/Users/tron/Work/hunmorph/hunlex/doc/texinfo/toplevel.texi Chapter 6 [11] [12
] [13] [14] [15] [16] [17] [18] [19] [20] [21] [22])
texinfo.tex: doing @include of description_language.texi


(/Users/tron/Work/hunmorph/hunlex/doc/texinfo/description_language.texi
Chapter 7 [23] [24]
Overfull \hbox (147.16158pt too wide) in paragraph at lines 153--153
 []@texttt KEYWORD: argument0 @textttsl SOME-OTHER-BLOCKS @texttt KEYWORD: argu
ment1 @textttsl SOME-OTHER-BLOCKS @texttt KEYWORD: argument2 ...[] |

@hbox(6.69167+2.43333)x433.62
.@glue(@leftskip) 28.90755
.@hbox(0.0+0.0)x0.0
.@texttt K
.@texttt E
.@texttt Y
.etc.

[25] [26] [27] [28])
texinfo.tex: doing @include of files.texi

 (/Users/tron/Work/hunmorph/hunlex/doc/texinfo/files.texi
Chapter 8 [29] [30] [31]
Overfull \hbox (141.41289pt too wide) in paragraph at lines 219--219
 []@texttt make DEBUG_LEVEL=1 new resources 2>&1 | grep '(morph skipped)' | cut
 -d' ' -f1 >> in/morph.conf[] |

@hbox(7.60416+2.43333)x433.62
.@glue(@leftskip) 28.90755
.@hbox(0.0+0.0)x0.0
.@texttt m
.@texttt a
.@texttt k
.etc.


Overfull \hbox (210.39714pt too wide) in paragraph at lines 274--274
 []@texttt make DEBUG_LEVEL=1 new resources 2>&1 | grep '(feature skipped)' | c
ut -d' ' -f1 | sort -u >> in/phono.conf[] |

@hbox(7.60416+2.43333)x433.62
.@glue(@leftskip) 28.90755
.@hbox(0.0+0.0)x0.0
.@texttt m
.@texttt a
.@texttt k
.etc.

[32] [33])
texinfo.tex: doing @include of command-line_control.texi


(/Users/tron/Work/hunmorph/hunlex/doc/texinfo/command-line_control.texi
Chapter 9 [34]
texinfo.tex: doing @verbatiminclude of hunlex.man


/Users/tron/Work/hunmorph/hunlex/doc/texinfo/command-line_control.texi:11: I ca
n't find file `hunlex.man'.
@doverbatiminclude ...timinclude of #1
}@input #1 
                                                  @afterenvbreak }
l.11 @verbatiminclude hunlex.man
                                
(Press Enter to retry, or Control-D to exit)
Please type another input file name: 
/Users/tron/Work/hunmorph/hunlex/doc/texinfo/command-line_control.texi:11: I ca
n't find file `hunlex.man'.
@doverbatiminclude ...timinclude of #1
}@input #1 
                                                  @afterenvbreak }
l.11 @verbatiminclude hunlex.man
                                
(Press Enter to retry, or Control-D to exit)
Please type another input file name: 
/Users/tron/Work/hunmorph/hunlex/doc/texinfo/command-line_control.texi:11: I ca
n't find file `hunlex.man'.
@doverbatiminclude ...timinclude of #1
}@input #1 
                                                  @afterenvbreak }
l.11 @verbatiminclude hunlex.man
                                
(Press Enter to retry, or Control-D to exit)
Please type another input file name: 
/Users/tron/Work/hunmorph/hunlex/doc/texinfo/command-line_control.texi:11: I ca
n't find file `hunlex.man'.
@doverbatiminclude ...timinclude of #1
}@input #1 
                                                  @afterenvbreak }
l.11 @verbatiminclude hunlex.man
                                
(Press Enter to retry, or Control-D to exit)
Please type another input file name: 
/Users/tron/Work/hunmorph/hunlex/doc/texinfo/command-line_control.texi:11: Emer
gency stop.
@doverbatiminclude ...timinclude of #1
}@input #1 
                                                  @afterenvbreak }
l.11 @verbatiminclude hunlex.man
                                
End of file on the terminal!

/Users/tron/Work/hunmorph/hunlex/doc/texinfo/command-line_control.texi:11:  ==>
 Fatal error occurred, no output PDF file produced!
